/*C37*/SET SCHEMA PUBLIC
CREATE TABLE IF NOT EXISTS AL_CONFIGURATION ( PROPERTY_NAME VARCHAR(255) NOT NULL UNIQUE , PROPERTY_VALUE LONGVARCHAR ) 
CREATE TABLE IF NOT EXISTS AL_GROUPS ( GROUP_NAME VARCHAR(255) NOT NULL PRIMARY KEY , DESCRIPTION LONGVARCHAR ) 
CREATE TABLE IF NOT EXISTS AL_TABLES ( TABLE_NAME VARCHAR(255) NOT NULL PRIMARY KEY , GROUP_NAME VARCHAR(255) , DESCRIPTION LONGVARCHAR ) 
CREATE TABLE IF NOT EXISTS AL_CUSTOM_TYPE ( TABLE_NAME VARCHAR(255) , COLUMN_NAME VARCHAR(255) , TYPE VARCHAR(255) , NAME VARCHAR(255) ) 
CREATE TABLE IF NOT EXISTS AL_VIEWS ( VIEW_NAME VARCHAR(255) NOT NULL UNIQUE , VIEW_DEFINITION LONGVARCHAR , IS_VALID BOOLEAN ) 
CREATE TABLE IF NOT EXISTS AL_SELECTED_LOG_OBJECTS ( NAME VARCHAR(255) NOT NULL UNIQUE , TYPE VARCHAR(255) ) 
CREATE TABLE IF NOT EXISTS AL_DB_OBJECTS ( NAME VARCHAR(255) NOT NULL UNIQUE , TYPE VARCHAR(255) , USAGE VARCHAR(255) ) 
/*C38*/SET SCHEMA PUBLIC
DELETE FROM E2_AIRPLANE WHERE AL_ID=1114
DELETE FROM E2_AIRPLANE WHERE AL_ID=1115
DELETE FROM E2_AIRPLANE WHERE AL_ID=1116
DELETE FROM E2_AIRPLANE WHERE AL_ID=1117
COMMIT
INSERT INTO E2_AIRPLANE VALUES(1118,'Isfahan')
INSERT INTO E2_AIRPLANE VALUES(1119,'Isfahan')
INSERT INTO E2_AIRPLANE VALUES(1120,'Isfahan')
INSERT INTO E2_AIRPLANE VALUES(1121,'Isfahan')
COMMIT
/*C39*/SET SCHEMA PUBLIC
DELETE FROM E2_AIRPLANE WHERE AL_ID=1118
DELETE FROM E2_AIRPLANE WHERE AL_ID=1119
DELETE FROM E2_AIRPLANE WHERE AL_ID=1120
DELETE FROM E2_AIRPLANE WHERE AL_ID=1121
COMMIT
INSERT INTO E2_AIRPLANE VALUES(1122,'Urmia')
INSERT INTO E2_AIRPLANE VALUES(1123,'Zahedan')
INSERT INTO E2_AIRPLANE VALUES(1124,'Shiraz')
INSERT INTO E2_AIRPLANE VALUES(1125,'tehran')
COMMIT
/*C40*/SET SCHEMA PUBLIC
DELETE FROM E2_AIRPLANE WHERE AL_ID=1122
DELETE FROM E2_AIRPLANE WHERE AL_ID=1123
DELETE FROM E2_AIRPLANE WHERE AL_ID=1124
DELETE FROM E2_AIRPLANE WHERE AL_ID=1125
COMMIT
INSERT INTO E2_AIRPLANE VALUES(1126,'Mashhad')
INSERT INTO E2_AIRPLANE VALUES(1127,'Zahedan')
INSERT INTO E2_AIRPLANE VALUES(1128,'Shiraz')
INSERT INTO E2_AIRPLANE VALUES(1129,'tehran')
COMMIT
/*C41*/SET SCHEMA PUBLIC
DELETE FROM E2_AIRPLANE WHERE AL_ID=1126
DELETE FROM E2_AIRPLANE WHERE AL_ID=1127
DELETE FROM E2_AIRPLANE WHERE AL_ID=1128
DELETE FROM E2_AIRPLANE WHERE AL_ID=1129
COMMIT
INSERT INTO E2_AIRPLANE VALUES(1130,'Isfahan')
INSERT INTO E2_AIRPLANE VALUES(1131,'ABBASAK ISLAND')
INSERT INTO E2_AIRPLANE VALUES(1132,'Zabol')
INSERT INTO E2_AIRPLANE VALUES(1133,'Mashhad')
COMMIT
DELETE FROM E2_AIRPLANE WHERE AL_ID=1130
DELETE FROM E2_AIRPLANE WHERE AL_ID=1131
DELETE FROM E2_AIRPLANE WHERE AL_ID=1132
DELETE FROM E2_AIRPLANE WHERE AL_ID=1133
COMMIT
INSERT INTO E2_AIRPLANE VALUES(1134,'Isfahan')
INSERT INTO E2_AIRPLANE VALUES(1135,'tehran')
INSERT INTO E2_AIRPLANE VALUES(1136,'Shiraz')
INSERT INTO E2_AIRPLANE VALUES(1137,'Mashhad')
COMMIT
/*C37*/DISCONNECT
/*C42*/SET SCHEMA PUBLIC
DISCONNECT
/*C38*/DISCONNECT
/*C40*/DISCONNECT
/*C41*/DISCONNECT
/*C39*/DISCONNECT
/*C44*/SET SCHEMA PUBLIC
DELETE FROM E2_AIRPLANE WHERE AL_ID=1134
DELETE FROM E2_AIRPLANE WHERE AL_ID=1135
DELETE FROM E2_AIRPLANE WHERE AL_ID=1136
DELETE FROM E2_AIRPLANE WHERE AL_ID=1137
COMMIT
INSERT INTO E2_AIRPLANE VALUES(1138,'Isfahan')
INSERT INTO E2_AIRPLANE VALUES(1139,'Isfahan')
INSERT INTO E2_AIRPLANE VALUES(1140,'Isfahan')
INSERT INTO E2_AIRPLANE VALUES(1141,'Isfahan')
COMMIT
/*C45*/SET SCHEMA PUBLIC
DELETE FROM E2_AIRPLANE WHERE AL_ID=1138
DELETE FROM E2_AIRPLANE WHERE AL_ID=1139
DELETE FROM E2_AIRPLANE WHERE AL_ID=1140
DELETE FROM E2_AIRPLANE WHERE AL_ID=1141
COMMIT
INSERT INTO E2_AIRPLANE VALUES(1142,'Urmia')
INSERT INTO E2_AIRPLANE VALUES(1143,'Zahedan')
INSERT INTO E2_AIRPLANE VALUES(1144,'Shiraz')
INSERT INTO E2_AIRPLANE VALUES(1145,'tehran')
COMMIT
/*C46*/SET SCHEMA PUBLIC
DELETE FROM E2_AIRPLANE WHERE AL_ID=1142
DELETE FROM E2_AIRPLANE WHERE AL_ID=1143
DELETE FROM E2_AIRPLANE WHERE AL_ID=1144
DELETE FROM E2_AIRPLANE WHERE AL_ID=1145
COMMIT
INSERT INTO E2_AIRPLANE VALUES(1146,'Mashhad')
INSERT INTO E2_AIRPLANE VALUES(1147,'Zahedan')
INSERT INTO E2_AIRPLANE VALUES(1148,'Shiraz')
INSERT INTO E2_AIRPLANE VALUES(1149,'tehran')
COMMIT
/*C47*/SET SCHEMA PUBLIC
DELETE FROM E2_AIRPLANE WHERE AL_ID=1146
DELETE FROM E2_AIRPLANE WHERE AL_ID=1147
DELETE FROM E2_AIRPLANE WHERE AL_ID=1148
DELETE FROM E2_AIRPLANE WHERE AL_ID=1149
COMMIT
INSERT INTO E2_AIRPLANE VALUES(1150,'Isfahan')
INSERT INTO E2_AIRPLANE VALUES(1151,'ABBASAK ISLAND')
INSERT INTO E2_AIRPLANE VALUES(1152,'Zabol')
INSERT INTO E2_AIRPLANE VALUES(1153,'Mashhad')
COMMIT
/*C44*/DELETE FROM E2_AIRPLANE WHERE AL_ID=1150
DELETE FROM E2_AIRPLANE WHERE AL_ID=1151
DELETE FROM E2_AIRPLANE WHERE AL_ID=1152
DELETE FROM E2_AIRPLANE WHERE AL_ID=1153
COMMIT
INSERT INTO E2_AIRPLANE VALUES(1154,'Urmia')
INSERT INTO E2_AIRPLANE VALUES(1155,'Zahedan')
INSERT INTO E2_AIRPLANE VALUES(1156,'Shiraz')
INSERT INTO E2_AIRPLANE VALUES(1157,'Mashhad')
COMMIT
DISCONNECT
/*C46*/DISCONNECT
/*C47*/DISCONNECT
/*C45*/DISCONNECT
/*C43*/SET SCHEMA PUBLIC
DISCONNECT
